<?xml version="1.0" encoding="utf-8"?>
<exifTags xmlns:xsi="http://www.w3.org/2001/XMLSchema-instance" xmlns:xsd="http://www.w3.org/2001/XMLSchema">
  <tag idhex="0x000b" id="11" IFD="Image" key="Exif.Image.ProcessingSoftware" type="Ascii">
    <description>The name and version of the software used to post-process the picture.</description>
  </tag>
  <tag idhex="0x00fe" id="254" IFD="Image" key="Exif.Image.NewSubfileType" type="Long">
    <description>A general indication of the kind of data contained in this subfile.</description>
  </tag>
  <tag idhex="0x00ff" id="255" IFD="Image" key="Exif.Image.SubfileType" type="Short">
    <description>A general indication of the kind of data contained in this subfile. This field is deprecated. The NewSubfileType field should be used instead.</description>
  </tag>
  <tag idhex="0x0100" id="256" IFD="Image" key="Exif.Image.ImageWidth" type="Long">
    <description>The number of columns of image data, equal to the number of pixels per row. In JPEG compressed data a JPEG marker is used instead of this tag.</description>
  </tag>
  <tag idhex="0x0101" id="257" IFD="Image" key="Exif.Image.ImageLength" type="Long">
    <description>The number of rows of image data. In JPEG compressed data a JPEG marker is used instead of this tag.</description>
  </tag>
  <tag idhex="0x0102" id="258" IFD="Image" key="Exif.Image.BitsPerSample" type="Short">
    <description>The number of bits per image component. In this standard each component of the image is 8 bits, so the value for this tag is 8. See also [SamplesPerPixel]. In JPEG compressed data a JPEG marker is used instead of this tag.</description>
  </tag>
  <tag idhex="0x0103" id="259" IFD="Image" key="Exif.Image.Compression" type="Short">
    <description>The compression scheme used for the image data. When a primary image is JPEG compressed, this designation is not necessary and is omitted. When thumbnails use JPEG compression, this tag value is set to 6.</description>
  </tag>
  <tag idhex="0x0106" id="262" IFD="Image" key="Exif.Image.PhotometricInterpretation" type="Short">
    <description>The pixel composition. In JPEG compressed data a JPEG marker is used instead of this tag.</description>
  </tag>
  <tag idhex="0x0107" id="263" IFD="Image" key="Exif.Image.Thresholding" type="Short">
    <description>For black and white TIFF files that represent shades of gray, the technique used to convert from gray to black and white pixels.</description>
  </tag>
  <tag idhex="0x0108" id="264" IFD="Image" key="Exif.Image.CellWidth" type="Short">
    <description>The width of the dithering or halftoning matrix used to create a dithered or halftoned bilevel file.</description>
  </tag>
  <tag idhex="0x0109" id="265" IFD="Image" key="Exif.Image.CellLength" type="Short">
    <description>The length of the dithering or halftoning matrix used to create a dithered or halftoned bilevel file.</description>
  </tag>
  <tag idhex="0x010a" id="266" IFD="Image" key="Exif.Image.FillOrder" type="Short">
    <description>The logical order of bits within a byte</description>
  </tag>
  <tag idhex="0x010d" id="269" IFD="Image" key="Exif.Image.DocumentName" type="Ascii">
    <description>The name of the document from which this image was scanned</description>
  </tag>
  <tag idhex="0x010e" id="270" IFD="Image" key="Exif.Image.ImageDescription" type="Ascii">
    <description>A character string giving the title of the image. It may be a comment such as "1988 company picnic" or the like. Two-bytes character codes cannot be used. When a 2-bytes code is necessary, the Exif Private tag &lt;UserComment&gt; is to be used.</description>
  </tag>
  <tag idhex="0x010f" id="271" IFD="Image" key="Exif.Image.Make" type="Ascii">
    <description>The manufacturer of the recording equipment. This is the manufacturer of the DSC, scanner, video digitizer or other equipment that generated the image. When the field is left blank, it is treated as unknown.</description>
  </tag>
  <tag idhex="0x0110" id="272" IFD="Image" key="Exif.Image.Model" type="Ascii">
    <description>The model name or model number of the equipment. This is the model name or number of the DSC, scanner, video digitizer or other equipment that generated the image. When the field is left blank, it is treated as unknown.</description>
  </tag>
  <tag idhex="0x0111" id="273" IFD="Image" key="Exif.Image.StripOffsets" type="Long">
    <description>For each strip, the byte offset of that strip. It is recommended that this be selected so the number of strip bytes does not exceed 64 Kbytes. With JPEG compressed data this designation is not needed and is omitted. See also &lt;RowsPerStrip&gt; and &lt;StripByteCounts&gt;.</description>
  </tag>
  <tag idhex="0x0112" id="274" IFD="Image" key="Exif.Image.Orientation" type="Short">
    <description>The image orientation viewed in terms of rows and columns.</description>
  </tag>
  <tag idhex="0x0115" id="277" IFD="Image" key="Exif.Image.SamplesPerPixel" type="Short">
    <description>The number of components per pixel. Since this standard applies to RGB and YCbCr images, the value set for this tag is 3. In JPEG compressed data a JPEG marker is used instead of this tag.</description>
  </tag>
  <tag idhex="0x0116" id="278" IFD="Image" key="Exif.Image.RowsPerStrip" type="Long">
    <description>The number of rows per strip. This is the number of rows in the image of one strip when an image is divided into strips. With JPEG compressed data this designation is not needed and is omitted. See also &lt;StripOffsets&gt; and &lt;StripByteCounts&gt;.</description>
  </tag>
  <tag idhex="0x0117" id="279" IFD="Image" key="Exif.Image.StripByteCounts" type="Long">
    <description>The total number of bytes in each strip. With JPEG compressed data this designation is not needed and is omitted.</description>
  </tag>
  <tag idhex="0x011a" id="282" IFD="Image" key="Exif.Image.XResolution" type="Rational">
    <description>The number of pixels per &lt;ResolutionUnit&gt; in the &lt;ImageWidth&gt; direction. When the image resolution is unknown, 72 [dpi] is designated.</description>
  </tag>
  <tag idhex="0x011b" id="283" IFD="Image" key="Exif.Image.YResolution" type="Rational">
    <description>The number of pixels per &lt;ResolutionUnit&gt; in the &lt;ImageLength&gt; direction. The same value as &lt;XResolution&gt; is designated.</description>
  </tag>
  <tag idhex="0x011c" id="284" IFD="Image" key="Exif.Image.PlanarConfiguration" type="Short">
    <description>Indicates whether pixel components are recorded in a chunky or planar format. In JPEG compressed files a JPEG marker is used instead of this tag. If this field does not exist, the TIFF default of 1 (chunky) is assumed.</description>
  </tag>
  <tag idhex="0x0122" id="290" IFD="Image" key="Exif.Image.GrayResponseUnit" type="Short">
    <description>The precision of the information contained in the GrayResponseCurve.</description>
  </tag>
  <tag idhex="0x0123" id="291" IFD="Image" key="Exif.Image.GrayResponseCurve" type="Short">
    <description>For grayscale data, the optical density of each possible pixel value.</description>
  </tag>
  <tag idhex="0x0124" id="292" IFD="Image" key="Exif.Image.T4Options" type="Long">
    <description>T.4-encoding options.</description>
  </tag>
  <tag idhex="0x0125" id="293" IFD="Image" key="Exif.Image.T6Options" type="Long">
    <description>T.6-encoding options.</description>
  </tag>
  <tag idhex="0x0128" id="296" IFD="Image" key="Exif.Image.ResolutionUnit" type="Short">
    <description>The unit for measuring &lt;XResolution&gt; and &lt;YResolution&gt;. The same unit is used for both &lt;XResolution&gt; and &lt;YResolution&gt;. If the image resolution is unknown, 2 (inches) is designated.</description>
  </tag>
  <tag idhex="0x0129" id="297" IFD="Image" key="Exif.Image.PageNumber" type="Short">
    <description>The page number of the page from which this image was scanned.</description>
  </tag>
  <tag idhex="0x012d" id="301" IFD="Image" key="Exif.Image.TransferFunction" type="Short">
    <description>A transfer function for the image, described in tabular style. Normally this tag is not necessary, since color space is specified in the color space information tag (&lt;ColorSpace&gt;).</description>
  </tag>
  <tag idhex="0x0131" id="305" IFD="Image" key="Exif.Image.Software" type="Ascii">
    <description>This tag records the name and version of the software or firmware of the camera or image input device used to generate the image. The detailed format is not specified, but it is recommended that the example shown below be followed. When the field is left blank, it is treated as unknown.</description>
  </tag>
  <tag idhex="0x0132" id="306" IFD="Image" key="Exif.Image.DateTime" type="Ascii">
    <description>The date and time of image creation. In Exif standard, it is the date and time the file was changed.</description>
  </tag>
  <tag idhex="0x013b" id="315" IFD="Image" key="Exif.Image.Artist" type="Ascii">
    <description>This tag records the name of the camera owner, photographer or image creator. The detailed format is not specified, but it is recommended that the information be written as in the example below for ease of Interoperability. When the field is left blank, it is treated as unknown. Ex.) "Camera owner, John Smith; Photographer, Michael Brown; Image creator, Ken James"</description>
  </tag>
  <tag idhex="0x013c" id="316" IFD="Image" key="Exif.Image.HostComputer" type="Ascii">
    <description>This tag records information about the host computer used to generate the image.</description>
  </tag>
  <tag idhex="0x013d" id="317" IFD="Image" key="Exif.Image.Predictor" type="Short">
    <description>A predictor is a mathematical operator that is applied to the image data before an encoding scheme is applied.</description>
  </tag>
  <tag idhex="0x013e" id="318" IFD="Image" key="Exif.Image.WhitePoint" type="Rational">
    <description>The chromaticity of the white point of the image. Normally this tag is not necessary, since color space is specified in the colorspace information tag (&lt;ColorSpace&gt;).</description>
  </tag>
  <tag idhex="0x013f" id="319" IFD="Image" key="Exif.Image.PrimaryChromaticities" type="Rational">
    <description>The chromaticity of the three primary colors of the image. Normally this tag is not necessary, since colorspace is specified in the colorspace information tag (&lt;ColorSpace&gt;).</description>
  </tag>
  <tag idhex="0x0140" id="320" IFD="Image" key="Exif.Image.ColorMap" type="Short">
    <description>A color map for palette color images. This field defines a Red-Green-Blue color map (often called a lookup table) for palette-color images. In a palette-color image, a pixel value is used to index into an RGB lookup table.</description>
  </tag>
  <tag idhex="0x0141" id="321" IFD="Image" key="Exif.Image.HalftoneHints" type="Short">
    <description>The purpose of the HalftoneHints field is to convey to the halftone function the range of gray levels within a colorimetrically-specified image that should retain tonal detail.</description>
  </tag>
  <tag idhex="0x0142" id="322" IFD="Image" key="Exif.Image.TileWidth" type="Short">
    <description>The tile width in pixels. This is the number of columns in each tile.</description>
  </tag>
  <tag idhex="0x0143" id="323" IFD="Image" key="Exif.Image.TileLength" type="Short">
    <description>The tile length (height) in pixels. This is the number of rows in each tile.</description>
  </tag>
  <tag idhex="0x0144" id="324" IFD="Image" key="Exif.Image.TileOffsets" type="Short">
    <description>For each tile, the byte offset of that tile, as compressed and stored on disk. The offset is specified with respect to the beginning of the TIFF file. Note that this implies that each tile has a location independent of the locations of other tiles.</description>
  </tag>
  <tag idhex="0x0145" id="325" IFD="Image" key="Exif.Image.TileByteCounts" type="Short">
    <description>For each tile, the number of (compressed) bytes in that tile. See TileOffsets for a description of how the byte counts are ordered.</description>
  </tag>
  <tag idhex="0x014a" id="330" IFD="Image" key="Exif.Image.SubIFDs" type="Long">
    <description>Defined by Adobe Corporation to enable TIFF Trees within a TIFF file.</description>
  </tag>
  <tag idhex="0x014c" id="332" IFD="Image" key="Exif.Image.InkSet" type="Short">
    <description>The set of inks used in a separated (PhotometricInterpretation=5) image.</description>
  </tag>
  <tag idhex="0x014d" id="333" IFD="Image" key="Exif.Image.InkNames" type="Ascii">
    <description>The name of each ink used in a separated (PhotometricInterpretation=5) image.</description>
  </tag>
  <tag idhex="0x014e" id="334" IFD="Image" key="Exif.Image.NumberOfInks" type="Short">
    <description>The number of inks. Usually equal to SamplesPerPixel, unless there are extra samples.</description>
  </tag>
  <tag idhex="0x0150" id="336" IFD="Image" key="Exif.Image.DotRange" type="Byte">
    <description>The component values that correspond to a 0% dot and 100% dot.</description>
  </tag>
  <tag idhex="0x0151" id="337" IFD="Image" key="Exif.Image.TargetPrinter" type="Ascii">
    <description>A description of the printing environment for which this separation is intended.</description>
  </tag>
  <tag idhex="0x0152" id="338" IFD="Image" key="Exif.Image.ExtraSamples" type="Short">
    <description>Specifies that each pixel has m extra components whose interpretation is defined by one of the values listed below.</description>
  </tag>
  <tag idhex="0x0153" id="339" IFD="Image" key="Exif.Image.SampleFormat" type="Short">
    <description>This field specifies how to interpret each data sample in a pixel.</description>
  </tag>
  <tag idhex="0x0154" id="340" IFD="Image" key="Exif.Image.SMinSampleValue" type="Short">
    <description>This field specifies the minimum sample value.</description>
  </tag>
  <tag idhex="0x0155" id="341" IFD="Image" key="Exif.Image.SMaxSampleValue" type="Short">
    <description>This field specifies the maximum sample value.</description>
  </tag>
  <tag idhex="0x0156" id="342" IFD="Image" key="Exif.Image.TransferRange" type="Short">
    <description>Expands the range of the TransferFunction</description>
  </tag>
  <tag idhex="0x0157" id="343" IFD="Image" key="Exif.Image.ClipPath" type="Byte">
    <description>A TIFF ClipPath is intended to mirror the essentials of PostScript's path creation functionality.</description>
  </tag>
  <tag idhex="0x0158" id="344" IFD="Image" key="Exif.Image.XClipPathUnits" type="SShort">
    <description>The number of units that span the width of the image, in terms of integer ClipPath coordinates.</description>
  </tag>
  <tag idhex="0x0159" id="345" IFD="Image" key="Exif.Image.YClipPathUnits" type="SShort">
    <description>The number of units that span the height of the image, in terms of integer ClipPath coordinates.</description>
  </tag>
  <tag idhex="0x015a" id="346" IFD="Image" key="Exif.Image.Indexed" type="Short">
    <description>Indexed images are images where the 'pixels' do not represent color values, but rather an index (usually 8-bit) into a separate color table, the ColorMap.</description>
  </tag>
  <tag idhex="0x015b" id="347" IFD="Image" key="Exif.Image.JPEGTables" type="Undefined">
    <description>This optional tag may be used to encode the JPEG quantization and Huffman tables for subsequent use by the JPEG decompression process.</description>
  </tag>
  <tag idhex="0x015f" id="351" IFD="Image" key="Exif.Image.OPIProxy" type="Short">
    <description>OPIProxy gives information concerning whether this image is a low-resolution proxy of a high-resolution image (Adobe OPI).</description>
  </tag>
  <tag idhex="0x0200" id="512" IFD="Image" key="Exif.Image.JPEGProc" type="Long">
    <description>This field indicates the process used to produce the compressed data</description>
  </tag>
  <tag idhex="0x0201" id="513" IFD="Image" key="Exif.Image.JPEGInterchangeFormat" type="Long">
    <description>The offset to the start byte (SOI) of JPEG compressed thumbnail data. This is not used for primary image JPEG data.</description>
  </tag>
  <tag idhex="0x0202" id="514" IFD="Image" key="Exif.Image.JPEGInterchangeFormatLength" type="Long">
    <description>The number of bytes of JPEG compressed thumbnail data. This is not used for primary image JPEG data. JPEG thumbnails are not divided but are recorded as a continuous JPEG bitstream from SOI to EOI. Appn and COM markers should not be recorded. Compressed thumbnails must be recorded in no more than 64 Kbytes, including all other data to be recorded in APP1.</description>
  </tag>
  <tag idhex="0x0203" id="515" IFD="Image" key="Exif.Image.JPEGRestartInterval" type="Short">
    <description>This Field indicates the length of the restart interval used in the compressed image data.</description>
  </tag>
  <tag idhex="0x0205" id="517" IFD="Image" key="Exif.Image.JPEGLosslessPredictors" type="Short">
    <description>This Field points to a list of lossless predictor-selection values, one per component.</description>
  </tag>
  <tag idhex="0x0206" id="518" IFD="Image" key="Exif.Image.JPEGPointTransforms" type="Short">
    <description>This Field points to a list of point transform values, one per component.</description>
  </tag>
  <tag idhex="0x0207" id="519" IFD="Image" key="Exif.Image.JPEGQTables" type="Long">
    <description>This Field points to a list of offsets to the quantization tables, one per component.</description>
  </tag>
  <tag idhex="0x0208" id="520" IFD="Image" key="Exif.Image.JPEGDCTables" type="Long">
    <description>This Field points to a list of offsets to the DC Huffman tables or the lossless Huffman tables, one per component.</description>
  </tag>
  <tag idhex="0x0209" id="521" IFD="Image" key="Exif.Image.JPEGACTables" type="Long">
    <description>This Field points to a list of offsets to the Huffman AC tables, one per component.</description>
  </tag>
  <tag idhex="0x0211" id="529" IFD="Image" key="Exif.Image.YCbCrCoefficients" type="Rational">
    <description>The matrix coefficients for transformation from RGB to YCbCr image data. No default is given in TIFF; but here the value given in Appendix E, "Color Space Guidelines", is used as the default. The color space is declared in a color space information tag, with the default being the value that gives the optimal image characteristics Interoperability this condition.</description>
  </tag>
  <tag idhex="0x0212" id="530" IFD="Image" key="Exif.Image.YCbCrSubSampling" type="Short">
    <description>The sampling ratio of chrominance components in relation to the luminance component. In JPEG compressed data a JPEG marker is used instead of this tag.</description>
  </tag>
  <tag idhex="0x0213" id="531" IFD="Image" key="Exif.Image.YCbCrPositioning" type="Short">
    <description>The position of chrominance components in relation to the luminance component. This field is designated only for JPEG compressed data or uncompressed YCbCr data. The TIFF default is 1 (centered); but when Y:Cb:Cr = 4:2:2 it is recommended in this standard that 2 (co-sited) be used to record data, in order to improve the image quality when viewed on TV systems. When this field does not exist, the reader shall assume the TIFF default. In the case of Y:Cb:Cr = 4:2:0, the TIFF default (centered) is recommended. If the reader does not have the capability of supporting both kinds of &lt;YCbCrPositioning&gt;, it shall follow the TIFF default regardless of the value in this field. It is preferable that readers be able to support both centered and co-sited positioning.</description>
  </tag>
  <tag idhex="0x0214" id="532" IFD="Image" key="Exif.Image.ReferenceBlackWhite" type="Rational">
    <description>The reference black point value and reference white point value. No defaults are given in TIFF, but the values below are given as defaults here. The color space is declared in a color space information tag, with the default being the value that gives the optimal image characteristics Interoperability these conditions.</description>
  </tag>
  <tag idhex="0x02bc" id="700" IFD="Image" key="Exif.Image.XMLPacket" type="Byte">
    <description>XMP Metadata (Adobe technote 9-14-02)</description>
  </tag>
  <tag idhex="0x4746" id="18246" IFD="Image" key="Exif.Image.Rating" type="Short">
    <description>Rating tag used by Windows</description>
  </tag>
  <tag idhex="0x4749" id="18249" IFD="Image" key="Exif.Image.RatingPercent" type="Short">
    <description>Rating tag used by Windows, value in percent</description>
  </tag>
  <tag idhex="0x800d" id="32781" IFD="Image" key="Exif.Image.ImageID" type="Ascii">
    <description>ImageID is the full pathname of the original, high-resolution image, or any other identifying string that uniquely identifies the original image (Adobe OPI).</description>
  </tag>
  <tag idhex="0x828d" id="33421" IFD="Image" key="Exif.Image.CFARepeatPatternDim" type="Short">
    <description>Contains two values representing the minimum rows and columns to define the repeating patterns of the color filter array</description>
  </tag>
  <tag idhex="0x828e" id="33422" IFD="Image" key="Exif.Image.CFAPattern" type="Byte">
    <description>Indicates the color filter array (CFA) geometric pattern of the image sensor when a one-chip color area sensor is used. It does not apply to all sensing methods</description>
  </tag>
  <tag idhex="0x828f" id="33423" IFD="Image" key="Exif.Image.BatteryLevel" type="Rational">
    <description>Contains a value of the battery level as a fraction or string</description>
  </tag>
  <tag idhex="0x8298" id="33432" IFD="Image" key="Exif.Image.Copyright" type="Ascii">
    <description>Copyright information. In this standard the tag is used to indicate both the photographer and editor copyrights. It is the copyright notice of the person or organization claiming rights to the image. The Interoperability copyright statement including date and rights should be written in this field; e.g., "Copyright, John Smith, 19xx. All rights reserved.". In this standard the field records both the photographer and editor copyrights, with each recorded in a separate part of the statement. When there is a clear distinction between the photographer and editor copyrights, these are to be written in the order of photographer followed by editor copyright, separated by NULL (in this case since the statement also ends with a NULL, there are two NULL codes). When only the photographer copyright is given, it is terminated by one NULL code. When only the editor copyright is given, the photographer copyright part consists of one space followed by a terminating NULL code, then the editor copyright is given. When the field is left blank, it is treated as unknown.</description>
  </tag>
  <tag idhex="0x829a" id="33434" IFD="Image" key="Exif.Image.ExposureTime" type="Rational">
    <description>Exposure time, given in seconds.</description>
  </tag>
  <tag idhex="0x829d" id="33437" IFD="Image" key="Exif.Image.FNumber" type="Rational">
    <description>The F number.</description>
  </tag>
  <tag idhex="0x83bb" id="33723" IFD="Image" key="Exif.Image.IPTCNAA" type="Long">
    <description>Contains an IPTC/NAA record</description>
  </tag>
  <tag idhex="0x8649" id="34377" IFD="Image" key="Exif.Image.ImageResources" type="Byte">
    <description>Contains information embedded by the Adobe Photoshop application</description>
  </tag>
  <tag idhex="0x8769" id="34665" IFD="Image" key="Exif.Image.ExifTag" type="Long">
    <description>A pointer to the Exif IFD. Interoperability, Exif IFD has the same structure as that of the IFD specified in TIFF. ordinarily, however, it does not contain image data as in the case of TIFF.</description>
  </tag>
  <tag idhex="0x8773" id="34675" IFD="Image" key="Exif.Image.InterColorProfile" type="Undefined">
    <description>Contains an InterColor Consortium (ICC) format color space characterization/profile</description>
  </tag>
  <tag idhex="0x8822" id="34850" IFD="Image" key="Exif.Image.ExposureProgram" type="Short">
    <description>The class of the program used by the camera to set exposure when the picture is taken.</description>
  </tag>
  <tag idhex="0x8824" id="34852" IFD="Image" key="Exif.Image.SpectralSensitivity" type="Ascii">
    <description>Indicates the spectral sensitivity of each channel of the camera used.</description>
  </tag>
  <tag idhex="0x8825" id="34853" IFD="Image" key="Exif.Image.GPSTag" type="Long">
    <description>A pointer to the GPS Info IFD. The Interoperability structure of the GPS Info IFD, like that of Exif IFD, has no image data.</description>
  </tag>
  <tag idhex="0x8827" id="34855" IFD="Image" key="Exif.Image.ISOSpeedRatings" type="Short">
    <description>Indicates the ISO Speed and ISO Latitude of the camera or input device as specified in ISO 12232.</description>
  </tag>
  <tag idhex="0x8828" id="34856" IFD="Image" key="Exif.Image.OECF" type="Undefined">
    <description>Indicates the Opto-Electric Conversion Function (OECF) specified in ISO 14524.</description>
  </tag>
  <tag idhex="0x8829" id="34857" IFD="Image" key="Exif.Image.Interlace" type="Short">
    <description>Indicates the field number of multifield images.</description>
  </tag>
  <tag idhex="0x882a" id="34858" IFD="Image" key="Exif.Image.TimeZoneOffset" type="SShort">
    <description>This optional tag encodes the time zone of the camera clock (relativeto Greenwich Mean Time) used to create the DataTimeOriginal tag-valuewhen the picture was taken. It may also contain the time zone offsetof the clock used to create the DateTime tag-value when the image wasmodified.</description>
  </tag>
  <tag idhex="0x882b" id="34859" IFD="Image" key="Exif.Image.SelfTimerMode" type="Short">
    <description>Number of seconds image capture was delayed from button press.</description>
  </tag>
  <tag idhex="0x9003" id="36867" IFD="Image" key="Exif.Image.DateTimeOriginal" type="Ascii">
    <description>The date and time when the original image data was generated.</description>
  </tag>
  <tag idhex="0x9102" id="37122" IFD="Image" key="Exif.Image.CompressedBitsPerPixel" type="Rational">
    <description>Specific to compressed data; states the compressed bits per pixel.</description>
  </tag>
  <tag idhex="0x9201" id="37377" IFD="Image" key="Exif.Image.ShutterSpeedValue" type="SRational">
    <description>Shutter speed.</description>
  </tag>
  <tag idhex="0x9202" id="37378" IFD="Image" key="Exif.Image.ApertureValue" type="Rational">
    <description>The lens aperture.</description>
  </tag>
  <tag idhex="0x9203" id="37379" IFD="Image" key="Exif.Image.BrightnessValue" type="SRational">
    <description>The value of brightness.</description>
  </tag>
  <tag idhex="0x9204" id="37380" IFD="Image" key="Exif.Image.ExposureBiasValue" type="SRational">
    <description>The exposure bias.</description>
  </tag>
  <tag idhex="0x9205" id="37381" IFD="Image" key="Exif.Image.MaxApertureValue" type="Rational">
    <description>The smallest F number of the lens.</description>
  </tag>
  <tag idhex="0x9206" id="37382" IFD="Image" key="Exif.Image.SubjectDistance" type="SRational">
    <description>The distance to the subject, given in meters.</description>
  </tag>
  <tag idhex="0x9207" id="37383" IFD="Image" key="Exif.Image.MeteringMode" type="Short">
    <description>The metering mode.</description>
  </tag>
  <tag idhex="0x9208" id="37384" IFD="Image" key="Exif.Image.LightSource" type="Short">
    <description>The kind of light source.</description>
  </tag>
  <tag idhex="0x9209" id="37385" IFD="Image" key="Exif.Image.Flash" type="Short">
    <description>Indicates the status of flash when the image was shot.</description>
  </tag>
  <tag idhex="0x920a" id="37386" IFD="Image" key="Exif.Image.FocalLength" type="Rational">
    <description>The actual focal length of the lens, in mm.</description>
  </tag>
  <tag idhex="0x920b" id="37387" IFD="Image" key="Exif.Image.FlashEnergy" type="Rational">
    <description>Amount of flash energy (BCPS).</description>
  </tag>
  <tag idhex="0x920c" id="37388" IFD="Image" key="Exif.Image.SpatialFrequencyResponse" type="Undefined">
    <description>SFR of the camera.</description>
  </tag>
  <tag idhex="0x920d" id="37389" IFD="Image" key="Exif.Image.Noise" type="Undefined">
    <description>Noise measurement values.</description>
  </tag>
  <tag idhex="0x920e" id="37390" IFD="Image" key="Exif.Image.FocalPlaneXResolution" type="Rational">
    <description>Number of pixels per FocalPlaneResolutionUnit (37392) in ImageWidth direction for main image.</description>
  </tag>
  <tag idhex="0x920f" id="37391" IFD="Image" key="Exif.Image.FocalPlaneYResolution" type="Rational">
    <description>Number of pixels per FocalPlaneResolutionUnit (37392) in ImageLength direction for main image.</description>
  </tag>
  <tag idhex="0x9210" id="37392" IFD="Image" key="Exif.Image.FocalPlaneResolutionUnit" type="Short">
    <description>Unit of measurement for FocalPlaneXResolution(37390) and FocalPlaneYResolution(37391).</description>
  </tag>
  <tag idhex="0x9211" id="37393" IFD="Image" key="Exif.Image.ImageNumber" type="Long">
    <description>Number assigned to an image, e.g., in a chained image burst.</description>
  </tag>
  <tag idhex="0x9212" id="37394" IFD="Image" key="Exif.Image.SecurityClassification" type="Ascii">
    <description>Security classification assigned to the image.</description>
  </tag>
  <tag idhex="0x9213" id="37395" IFD="Image" key="Exif.Image.ImageHistory" type="Ascii">
    <description>Record of what has been done to the image.</description>
  </tag>
  <tag idhex="0x9214" id="37396" IFD="Image" key="Exif.Image.SubjectLocation" type="Short">
    <description>Indicates the location and area of the main subject in the overall scene.</description>
  </tag>
  <tag idhex="0x9215" id="37397" IFD="Image" key="Exif.Image.ExposureIndex" type="Rational">
    <description>Encodes the camera exposure index setting when image was captured.</description>
  </tag>
  <tag idhex="0x9216" id="37398" IFD="Image" key="Exif.Image.TIFFEPStandardID" type="Byte">
    <description>Contains four ASCII characters representing the TIFF/EP standard version of a TIFF/EP file, eg '1', '0', '0', '0'</description>
  </tag>
  <tag idhex="0x9217" id="37399" IFD="Image" key="Exif.Image.SensingMethod" type="Short">
    <description>Type of image sensor.</description>
  </tag>
  <tag idhex="0x9c9b" id="40091" IFD="Image" key="Exif.Image.XPTitle" type="Byte">
    <description>Title tag used by Windows, encoded in UCS2</description>
  </tag>
  <tag idhex="0x9c9c" id="40092" IFD="Image" key="Exif.Image.XPComment" type="Byte">
    <description>Comment tag used by Windows, encoded in UCS2</description>
  </tag>
  <tag idhex="0x9c9d" id="40093" IFD="Image" key="Exif.Image.XPAuthor" type="Byte">
    <description>Author tag used by Windows, encoded in UCS2</description>
  </tag>
  <tag idhex="0x9c9e" id="40094" IFD="Image" key="Exif.Image.XPKeywords" type="Byte">
    <description>Keywords tag used by Windows, encoded in UCS2</description>
  </tag>
  <tag idhex="0x9c9f" id="40095" IFD="Image" key="Exif.Image.XPSubject" type="Byte">
    <description>Subject tag used by Windows, encoded in UCS2</description>
  </tag>
  <tag idhex="0xc4a5" id="50341" IFD="Image" key="Exif.Image.PrintImageMatching" type="Undefined">
    <description>Print Image Matching, description needed.</description>
  </tag>
  <tag idhex="0xc612" id="50706" IFD="Image" key="Exif.Image.DNGVersion" type="Byte">
    <description>This tag encodes the DNG four-tier version number. For files compliant with version 1.1.0.0 of the DNG specification, this tag should contain the bytes: 1, 1, 0, 0.</description>
  </tag>
  <tag idhex="0xc613" id="50707" IFD="Image" key="Exif.Image.DNGBackwardVersion" type="Byte">
    <description>This tag specifies the oldest version of the Digital Negative specification for which a file is compatible. Readers shouldnot attempt to read a file if this tag specifies a version number that is higher than the version number of the specification the reader was based on. In addition to checking the version tags, readers should, for all tags, check the types, counts, and values, to verify it is able to correctly read the file.</description>
  </tag>
  <tag idhex="0xc614" id="50708" IFD="Image" key="Exif.Image.UniqueCameraModel" type="Ascii">
    <description>Defines a unique, non-localized name for the camera model that created the image in the raw file. This name should include the manufacturer's name to avoid conflicts, and should not be localized, even if the camera name itself is localized for different markets (see LocalizedCameraModel). This string may be used by reader software to index into per-model preferences and replacement profiles.</description>
  </tag>
  <tag idhex="0xc615" id="50709" IFD="Image" key="Exif.Image.LocalizedCameraModel" type="Byte">
    <description>Similar to the UniqueCameraModel field, except the name can be localized for different markets to match the localization of the camera name.</description>
  </tag>
  <tag idhex="0xc616" id="50710" IFD="Image" key="Exif.Image.CFAPlaneColor" type="Byte">
    <description>Provides a mapping between the values in the CFAPattern tag and the plane numbers in LinearRaw space. This is a required tag for non-RGB CFA images.</description>
  </tag>
  <tag idhex="0xc617" id="50711" IFD="Image" key="Exif.Image.CFALayout" type="Short">
    <description>Describes the spatial layout of the CFA.</description>
  </tag>
  <tag idhex="0xc618" id="50712" IFD="Image" key="Exif.Image.LinearizationTable" type="Short">
    <description>Describes a lookup table that maps stored values into linear values. This tag is typically used to increase compression ratios by storing the raw data in a non-linear, more visually uniform space with fewer total encoding levels. If SamplesPerPixel is not equal to one, this single table applies to all the samples for each pixel.</description>
  </tag>
  <tag idhex="0xc619" id="50713" IFD="Image" key="Exif.Image.BlackLevelRepeatDim" type="Short">
    <description>Specifies repeat pattern size for the BlackLevel tag.</description>
  </tag>
  <tag idhex="0xc61a" id="50714" IFD="Image" key="Exif.Image.BlackLevel" type="Rational">
    <description>Specifies the zero light (a.k.a. thermal black or black current) encoding level, as a repeating pattern. The origin of this pattern is the top-left corner of the ActiveArea rectangle. The values are stored in row-column-sample scan order.</description>
  </tag>
  <tag idhex="0xc61b" id="50715" IFD="Image" key="Exif.Image.BlackLevelDeltaH" type="SRational">
    <description>If the zero light encoding level is a function of the image column, BlackLevelDeltaH specifies the difference between the zero light encoding level for each column and the baseline zero light encoding level. If SamplesPerPixel is not equal to one, this single table applies to all the samples for each pixel.</description>
  </tag>
  <tag idhex="0xc61c" id="50716" IFD="Image" key="Exif.Image.BlackLevelDeltaV" type="SRational">
    <description>If the zero light encoding level is a function of the image row, this tag specifies the difference between the zero light encoding level for each row and the baseline zero light encoding level. If SamplesPerPixel is not equal to one, this single table applies to all the samples for each pixel.</description>
  </tag>
  <tag idhex="0xc61d" id="50717" IFD="Image" key="Exif.Image.WhiteLevel" type="Short">
    <description>This tag specifies the fully saturated encoding level for the raw sample values. Saturation is caused either by the sensor itself becoming highly non-linear in response, or by the camera's analog to digital converter clipping.</description>
  </tag>
  <tag idhex="0xc61e" id="50718" IFD="Image" key="Exif.Image.DefaultScale" type="Rational">
    <description>DefaultScale is required for cameras with non-square pixels. It specifies the default scale factors for each direction to convert the image to square pixels. Typically these factors are selected to approximately preserve total pixel count. For CFA images that use CFALayout equal to 2, 3, 4, or 5, such as the Fujifilm SuperCCD, these two values should usually differ by a factor of 2.0.</description>
  </tag>
  <tag idhex="0xc61f" id="50719" IFD="Image" key="Exif.Image.DefaultCropOrigin" type="Short">
    <description>Raw images often store extra pixels around the edges of the final image. These extra pixels help prevent interpolation artifacts near the edges of the final image. DefaultCropOrigin specifies the origin of the final image area, in raw image coordinates (i.e., before the DefaultScale has been applied), relative to the top-left corner of the ActiveArea rectangle.</description>
  </tag>
  <tag idhex="0xc620" id="50720" IFD="Image" key="Exif.Image.DefaultCropSize" type="Short">
    <description>Raw images often store extra pixels around the edges of the final image. These extra pixels help prevent interpolation artifacts near the edges of the final image. DefaultCropSize specifies the size of the final image area, in raw image coordinates (i.e., before the DefaultScale has been applied).</description>
  </tag>
  <tag idhex="0xc621" id="50721" IFD="Image" key="Exif.Image.ColorMatrix1" type="SRational">
    <description>ColorMatrix1 defines a transformation matrix that converts XYZ values to reference camera native color space values, under the first calibration illuminant. The matrix values are stored in row scan order. The ColorMatrix1 tag is required for all non-monochrome DNG files.</description>
  </tag>
  <tag idhex="0xc622" id="50722" IFD="Image" key="Exif.Image.ColorMatrix2" type="SRational">
    <description>ColorMatrix2 defines a transformation matrix that converts XYZ values to reference camera native color space values, under the second calibration illuminant. The matrix values are stored in row scan order.</description>
  </tag>
  <tag idhex="0xc623" id="50723" IFD="Image" key="Exif.Image.CameraCalibration1" type="SRational">
    <description>CameraCalibration1 defines a calibration matrix that transforms reference camera native space values to individual camera native space values under the first calibration illuminant. The matrix is stored in row scan order. This matrix is stored separately from the matrix specified by the ColorMatrix1 tag to allow raw converters to swap in replacement color matrices based on UniqueCameraModel tag, while still taking advantage of any per-individual camera calibration performed by the camera manufacturer.</description>
  </tag>
  <tag idhex="0xc624" id="50724" IFD="Image" key="Exif.Image.CameraCalibration2" type="SRational">
    <description>CameraCalibration2 defines a calibration matrix that transforms reference camera native space values to individual camera native space values under the second calibration illuminant. The matrix is stored in row scan order. This matrix is stored separately from the matrix specified by the ColorMatrix2 tag to allow raw converters to swap in replacement color matrices based on UniqueCameraModel tag, while still taking advantage of any per-individual camera calibration performed by the camera manufacturer.</description>
  </tag>
  <tag idhex="0xc625" id="50725" IFD="Image" key="Exif.Image.ReductionMatrix1" type="SRational">
    <description>ReductionMatrix1 defines a dimensionality reduction matrix for use as the first stage in converting color camera native space values to XYZ values, under the first calibration illuminant. This tag may only be used if ColorPlanes is greater than 3. The matrix is stored in row scan order.</description>
  </tag>
  <tag idhex="0xc626" id="50726" IFD="Image" key="Exif.Image.ReductionMatrix2" type="SRational">
    <description>ReductionMatrix2 defines a dimensionality reduction matrix for use as the first stage in converting color camera native space values to XYZ values, under the second calibration illuminant. This tag may only be used if ColorPlanes is greater than 3. The matrix is stored in row scan order.</description>
  </tag>
  <tag idhex="0xc627" id="50727" IFD="Image" key="Exif.Image.AnalogBalance" type="Rational">
    <description>Normally the stored raw values are not white balanced, since any digital white balancing will reduce the dynamic range of the final image if the user decides to later adjust the white balance; however, if camera hardware is capable of white balancing the color channels before the signal is digitized, it can improve the dynamic range of the final image. AnalogBalance defines the gain, either analog (recommended) or digital (not recommended) that has been applied the stored raw values.</description>
  </tag>
  <tag idhex="0xc628" id="50728" IFD="Image" key="Exif.Image.AsShotNeutral" type="Short">
    <description>Specifies the selected white balance at time of capture, encoded as the coordinates of a perfectly neutral color in linear reference space values. The inclusion of this tag precludes the inclusion of the AsShotWhiteXY tag.</description>
  </tag>
  <tag idhex="0xc629" id="50729" IFD="Image" key="Exif.Image.AsShotWhiteXY" type="Rational">
    <description>Specifies the selected white balance at time of capture, encoded as x-y chromaticity coordinates. The inclusion of this tag precludes the inclusion of the AsShotNeutral tag.</description>
  </tag>
  <tag idhex="0xc62a" id="50730" IFD="Image" key="Exif.Image.BaselineExposure" type="SRational">
    <description>Camera models vary in the trade-off they make between highlight headroom and shadow noise. Some leave a significant amount of highlight headroom during a normal exposure. This allows significant negative exposure compensation to be applied during raw conversion, but also means normal exposures will contain more shadow noise. Other models leave less headroom during normal exposures. This allows for less negative exposure compensation, but results in lower shadow noise for normal exposures. Because of these differences, a raw converter needs to vary the zero point of its exposure compensation control from model to model. BaselineExposure specifies by how much (in EV units) to move the zero point. Positive values result in brighter default results, while negative values result in darker default results.</description>
  </tag>
  <tag idhex="0xc62b" id="50731" IFD="Image" key="Exif.Image.BaselineNoise" type="Rational">
    <description>Specifies the relative noise level of the camera model at a baseline ISO value of 100, compared to a reference camera model. Since noise levels tend to vary approximately with the square root of the ISO value, a raw converter can use this value, combined with the current ISO, to estimate the relative noise level of the current image.</description>
  </tag>
  <tag idhex="0xc62c" id="50732" IFD="Image" key="Exif.Image.BaselineSharpness" type="Rational">
    <description>Specifies the relative amount of sharpening required for this camera model, compared to a reference camera model. Camera models vary in the strengths of their anti-aliasing filters. Cameras with weak or no filters require less sharpening than cameras with strong anti-aliasing filters.</description>
  </tag>
  <tag idhex="0xc62d" id="50733" IFD="Image" key="Exif.Image.BayerGreenSplit" type="Long">
    <description>Only applies to CFA images using a Bayer pattern filter array. This tag specifies, in arbitrary units, how closely the values of the green pixels in the blue/green rows track the values of the green pixels in the red/green rows. A value of zero means the two kinds of green pixels track closely, while a non-zero value means they sometimes diverge. The useful range for this tag is from 0 (no divergence) to about 5000 (quite large divergence).</description>
  </tag>
  <tag idhex="0xc62e" id="50734" IFD="Image" key="Exif.Image.LinearResponseLimit" type="Rational">
    <description>Some sensors have an unpredictable non-linearity in their response as they near the upper limit of their encoding range. This non-linearity results in color shifts in the highlight areas of the resulting image unless the raw converter compensates for this effect. LinearResponseLimit specifies the fraction of the encoding range above which the response may become significantly non-linear.</description>
  </tag>
  <tag idhex="0xc62f" id="50735" IFD="Image" key="Exif.Image.CameraSerialNumber" type="Ascii">
    <description>CameraSerialNumber contains the serial number of the camera or camera body that captured the image.</description>
  </tag>
  <tag idhex="0xc630" id="50736" IFD="Image" key="Exif.Image.LensInfo" type="Rational">
    <description>Contains information about the lens that captured the image. If the minimum f-stops are unknown, they should be encoded as 0/0.</description>
  </tag>
  <tag idhex="0xc631" id="50737" IFD="Image" key="Exif.Image.ChromaBlurRadius" type="Rational">
    <description>ChromaBlurRadius provides a hint to the DNG reader about how much chroma blur should be applied to the image. If this tag is omitted, the reader will use its default amount of chroma blurring. Normally this tag is only included for non-CFA images, since the amount of chroma blur required for mosaic images is highly dependent on the de-mosaic algorithm, in which case the DNG reader's default value is likely optimized for its particular de-mosaic algorithm.</description>
  </tag>
  <tag idhex="0xc632" id="50738" IFD="Image" key="Exif.Image.AntiAliasStrength" type="Rational">
    <description>Provides a hint to the DNG reader about how strong the camera's anti-alias filter is. A value of 0.0 means no anti-alias filter (i.e., the camera is prone to aliasing artifacts with some subjects), while a value of 1.0 means a strong anti-alias filter (i.e., the camera almost never has aliasing artifacts).</description>
  </tag>
  <tag idhex="0xc633" id="50739" IFD="Image" key="Exif.Image.ShadowScale" type="SRational">
    <description>This tag is used by Adobe Camera Raw to control the sensitivity of its 'Shadows' slider.</description>
  </tag>
  <tag idhex="0xc634" id="50740" IFD="Image" key="Exif.Image.DNGPrivateData" type="Byte">
    <description>Provides a way for camera manufacturers to store private data in the DNG file for use by their own raw converters, and to have that data preserved by programs that edit DNG files.</description>
  </tag>
  <tag idhex="0xc635" id="50741" IFD="Image" key="Exif.Image.MakerNoteSafety" type="Short">
    <description>MakerNoteSafety lets the DNG reader know whether the EXIF MakerNote tag is safe to preserve along with the rest of the EXIF data. File browsers and other image management software processing an image with a preserved MakerNote should be aware that any thumbnail image embedded in the MakerNote may be stale, and may not reflect the current state of the full size image.</description>
  </tag>
  <tag idhex="0xc65a" id="50778" IFD="Image" key="Exif.Image.CalibrationIlluminant1" type="Short">
    <description>The illuminant used for the first set of color calibration tags (ColorMatrix1, CameraCalibration1, ReductionMatrix1). The legal values for this tag are the same as the legal values for the LightSource EXIF tag.</description>
  </tag>
  <tag idhex="0xc65b" id="50779" IFD="Image" key="Exif.Image.CalibrationIlluminant2" type="Short">
    <description>The illuminant used for an optional second set of color calibration tags (ColorMatrix2, CameraCalibration2, ReductionMatrix2). The legal values for this tag are the same as the legal values for the CalibrationIlluminant1 tag; however, if both are included, neither is allowed to have a value of 0 (unknown).</description>
  </tag>
  <tag idhex="0xc65c" id="50780" IFD="Image" key="Exif.Image.BestQualityScale" type="Rational">
    <description>For some cameras, the best possible image quality is not achieved by preserving the total pixel count during conversion. For example, Fujifilm SuperCCD images have maximum detail when their total pixel count is doubled. This tag specifies the amount by which the values of the DefaultScale tag need to be multiplied to achieve the best quality image size.</description>
  </tag>
  <tag idhex="0xc65d" id="50781" IFD="Image" key="Exif.Image.RawDataUniqueID" type="Byte">
    <description>This tag contains a 16-byte unique identifier for the raw image data in the DNG file. DNG readers can use this tag to recognize a particular raw image, even if the file's name or the metadata contained in the file has been changed. If a DNG writer creates such an identifier, it should do so using an algorithm that will ensure that it is very unlikely two different images will end up having the same identifier.</description>
  </tag>
  <tag idhex="0xc68b" id="50827" IFD="Image" key="Exif.Image.OriginalRawFileName" type="Byte">
    <description>If the DNG file was converted from a non-DNG raw file, then this tag contains the file name of that original raw file.</description>
  </tag>
  <tag idhex="0xc68c" id="50828" IFD="Image" key="Exif.Image.OriginalRawFileData" type="Undefined">
    <description>If the DNG file was converted from a non-DNG raw file, then this tag contains the compressed contents of that original raw file. The contents of this tag always use the big-endian byte order. The tag contains a sequence of data blocks. Future versions of the DNG specification may define additional data blocks, so DNG readers should ignore extra bytes when parsing this tag. DNG readers should also detect the case where data blocks are missing from the end of the sequence, and should assume a default value for all the missing blocks. There are no padding or alignment bytes between data blocks.</description>
  </tag>
  <tag idhex="0xc68d" id="50829" IFD="Image" key="Exif.Image.ActiveArea" type="Short">
    <description>This rectangle defines the active (non-masked) pixels of the sensor. The order of the rectangle coordinates is: top, left, bottom, right.</description>
  </tag>
  <tag idhex="0xc68e" id="50830" IFD="Image" key="Exif.Image.MaskedAreas" type="Short">
    <description>This tag contains a list of non-overlapping rectangle coordinates of fully masked pixels, which can be optionally used by DNG readers to measure the black encoding level. The order of each rectangle's coordinates is: top, left, bottom, right. If the raw image data has already had its black encoding level subtracted, then this tag should not be used, since the masked pixels are no longer useful.</description>
  </tag>
  <tag idhex="0xc68f" id="50831" IFD="Image" key="Exif.Image.AsShotICCProfile" type="Undefined">
    <description>This tag contains an ICC profile that, in conjunction with the AsShotPreProfileMatrix tag, provides the camera manufacturer with a way to specify a default color rendering from camera color space coordinates (linear reference values) into the ICC profile connection space. The ICC profile connection space is an output referred colorimetric space, whereas the other color calibration tags in DNG specify a conversion into a scene referred colorimetric space. This means that the rendering in this profile should include any desired tone and gamut mapping needed to convert between scene referred values and output referred values.</description>
  </tag>
  <tag idhex="0xc690" id="50832" IFD="Image" key="Exif.Image.AsShotPreProfileMatrix" type="SRational">
    <description>This tag is used in conjunction with the AsShotICCProfile tag. It specifies a matrix that should be applied to the camera color space coordinates before processing the values through the ICC profile specified in the AsShotICCProfile tag. The matrix is stored in the row scan order. If ColorPlanes is greater than three, then this matrix can (but is not required to) reduce the dimensionality of the color data down to three components, in which case the AsShotICCProfile should have three rather than ColorPlanes input components.</description>
  </tag>
  <tag idhex="0xc691" id="50833" IFD="Image" key="Exif.Image.CurrentICCProfile" type="Undefined">
    <description>This tag is used in conjunction with the CurrentPreProfileMatrix tag. The CurrentICCProfile and CurrentPreProfileMatrix tags have the same purpose and usage as the AsShotICCProfile and AsShotPreProfileMatrix tag pair, except they are for use by raw file editors rather than camera manufacturers.</description>
  </tag>
  <tag idhex="0xc692" id="50834" IFD="Image" key="Exif.Image.CurrentPreProfileMatrix" type="SRational">
    <description>This tag is used in conjunction with the CurrentICCProfile tag. The CurrentICCProfile and CurrentPreProfileMatrix tags have the same purpose and usage as the AsShotICCProfile and AsShotPreProfileMatrix tag pair, except they are for use by raw file editors rather than camera manufacturers.</description>
  </tag>
  <tag idhex="0xc6bf" id="50879" IFD="Image" key="Exif.Image.ColorimetricReference" type="Short">
    <description>The DNG color model documents a transform between camera colors and CIE XYZ values. This tag describes the colorimetric reference for the CIE XYZ values. 0 = The XYZ values are scene-referred. 1 = The XYZ values are output-referred, using the ICC profile perceptual dynamic range. This tag allows output-referred data to be stored in DNG files and still processed correctly by DNG readers.</description>
  </tag>
  <tag idhex="0xc6f3" id="50931" IFD="Image" key="Exif.Image.CameraCalibrationSignature" type="Byte">
    <description>A UTF-8 encoded string associated with the CameraCalibration1 and CameraCalibration2 tags. The CameraCalibration1 and CameraCalibration2 tags should only be used in the DNG color transform if the string stored in the CameraCalibrationSignature tag exactly matches the string stored in the ProfileCalibrationSignature tag for the selected camera profile.</description>
  </tag>
  <tag idhex="0xc6f4" id="50932" IFD="Image" key="Exif.Image.ProfileCalibrationSignature" type="Byte">
    <description>A UTF-8 encoded string associated with the camera profile tags. The CameraCalibration1 and CameraCalibration2 tags should only be used in the DNG color transfer if the string stored in the CameraCalibrationSignature tag exactly matches the string stored in the ProfileCalibrationSignature tag for the selected camera profile.</description>
  </tag>
  <tag idhex="0xc6f6" id="50934" IFD="Image" key="Exif.Image.AsShotProfileName" type="Byte">
    <description>A UTF-8 encoded string containing the name of the "as shot" camera profile, if any.</description>
  </tag>
  <tag idhex="0xc6f7" id="50935" IFD="Image" key="Exif.Image.NoiseReductionApplied" type="Rational">
    <description>This tag indicates how much noise reduction has been applied to the raw data on a scale of 0.0 to 1.0. A 0.0 value indicates that no noise reduction has been applied. A 1.0 value indicates that the "ideal" amount of noise reduction has been applied, i.e. that the DNG reader should not apply additional noise reduction by default. A value of 0/0 indicates that this parameter is unknown.</description>
  </tag>
  <tag idhex="0xc6f8" id="50936" IFD="Image" key="Exif.Image.ProfileName" type="Byte">
    <description>A UTF-8 encoded string containing the name of the camera profile. This tag is optional if there is only a single camera profile stored in the file but is required for all camera profiles if there is more than one camera profile stored in the file.</description>
  </tag>
  <tag idhex="0xc6f9" id="50937" IFD="Image" key="Exif.Image.ProfileHueSatMapDims" type="Long">
    <description>This tag specifies the number of input samples in each dimension of the hue/saturation/value mapping tables. The data for these tables are stored in ProfileHueSatMapData1 and ProfileHueSatMapData2 tags. The most common case has ValueDivisions equal to 1, so only hue and saturation are used as inputs to the mapping table.</description>
  </tag>
  <tag idhex="0xc6fa" id="50938" IFD="Image" key="Exif.Image.ProfileHueSatMapData1" type="Float">
    <description>This tag contains the data for the first hue/saturation/value mapping table. Each entry of the table contains three 32-bit IEEE floating-point values. The first entry is hue shift in degrees; the second entry is saturation scale factor; and the third entry is a value scale factor. The table entries are stored in the tag in nested loop order, with the value divisions in the outer loop, the hue divisions in the middle loop, and the saturation divisions in the inner loop. All zero input saturation entries are required to have a value scale factor of 1.0.</description>
  </tag>
  <tag idhex="0xc6fb" id="50939" IFD="Image" key="Exif.Image.ProfileHueSatMapData2" type="Float">
    <description>This tag contains the data for the second hue/saturation/value mapping table. Each entry of the table contains three 32-bit IEEE floating-point values. The first entry is hue shift in degrees; the second entry is a saturation scale factor; and the third entry is a value scale factor. The table entries are stored in the tag in nested loop order, with the value divisions in the outer loop, the hue divisions in the middle loop, and the saturation divisions in the inner loop. All zero input saturation entries are required to have a value scale factor of 1.0.</description>
  </tag>
  <tag idhex="0xc6fc" id="50940" IFD="Image" key="Exif.Image.ProfileToneCurve" type="Float">
    <description>This tag contains a default tone curve that can be applied while processing the image as a starting point for user adjustments. The curve is specified as a list of 32-bit IEEE floating-point value pairs in linear gamma. Each sample has an input value in the range of 0.0 to 1.0, and an output value in the range of 0.0 to 1.0. The first sample is required to be (0.0, 0.0), and the last sample is required to be (1.0, 1.0). Interpolated the curve using a cubic spline.</description>
  </tag>
  <tag idhex="0xc6fd" id="50941" IFD="Image" key="Exif.Image.ProfileEmbedPolicy" type="Long">
    <description>This tag contains information about the usage rules for the associated camera profile.</description>
  </tag>
  <tag idhex="0xc6fe" id="50942" IFD="Image" key="Exif.Image.ProfileCopyright" type="Byte">
    <description>A UTF-8 encoded string containing the copyright information for the camera profile. This string always should be preserved along with the other camera profile tags.</description>
  </tag>
  <tag idhex="0xc714" id="50964" IFD="Image" key="Exif.Image.ForwardMatrix1" type="SRational">
    <description>This tag defines a matrix that maps white balanced camera colors to XYZ D50 colors.</description>
  </tag>
  <tag idhex="0xc715" id="50965" IFD="Image" key="Exif.Image.ForwardMatrix2" type="SRational">
    <description>This tag defines a matrix that maps white balanced camera colors to XYZ D50 colors.</description>
  </tag>
  <tag idhex="0xc716" id="50966" IFD="Image" key="Exif.Image.PreviewApplicationName" type="Byte">
    <description>A UTF-8 encoded string containing the name of the application that created the preview stored in the IFD.</description>
  </tag>
  <tag idhex="0xc717" id="50967" IFD="Image" key="Exif.Image.PreviewApplicationVersion" type="Byte">
    <description>A UTF-8 encoded string containing the version number of the application that created the preview stored in the IFD.</description>
  </tag>
  <tag idhex="0xc718" id="50968" IFD="Image" key="Exif.Image.PreviewSettingsName" type="Byte">
    <description>A UTF-8 encoded string containing the name of the conversion settings (for example, snapshot name) used for the preview stored in the IFD.</description>
  </tag>
  <tag idhex="0xc719" id="50969" IFD="Image" key="Exif.Image.PreviewSettingsDigest" type="Byte">
    <description>A unique ID of the conversion settings (for example, MD5 digest) used to render the preview stored in the IFD.</description>
  </tag>
  <tag idhex="0xc71a" id="50970" IFD="Image" key="Exif.Image.PreviewColorSpace" type="Long">
    <description>This tag specifies the color space in which the rendered preview in this IFD is stored. The default value for this tag is sRGB for color previews and Gray Gamma 2.2 for monochrome previews.</description>
  </tag>
  <tag idhex="0xc71b" id="50971" IFD="Image" key="Exif.Image.PreviewDateTime" type="Ascii">
    <description>This tag is an ASCII string containing the name of the date/time at which the preview stored in the IFD was rendered. The date/time is encoded using ISO 8601 format.</description>
  </tag>
  <tag idhex="0xc71c" id="50972" IFD="Image" key="Exif.Image.RawImageDigest" type="Undefined">
    <description>This tag is an MD5 digest of the raw image data. All pixels in the image are processed in row-scan order. Each pixel is zero padded to 16 or 32 bits deep (16-bit for data less than or equal to 16 bits deep, 32-bit otherwise). The data for each pixel is processed in little-endian byte order.</description>
  </tag>
  <tag idhex="0xc71d" id="50973" IFD="Image" key="Exif.Image.OriginalRawFileDigest" type="Undefined">
    <description>This tag is an MD5 digest of the data stored in the OriginalRawFileData tag.</description>
  </tag>
  <tag idhex="0xc71e" id="50974" IFD="Image" key="Exif.Image.SubTileBlockSize" type="Long">
    <description>Normally, the pixels within a tile are stored in simple row-scan order. This tag specifies that the pixels within a tile should be grouped first into rectangular blocks of the specified size. These blocks are stored in row-scan order. Within each block, the pixels are stored in row-scan order. The use of a non-default value for this tag requires setting the DNGBackwardVersion tag to at least 1.2.0.0.</description>
  </tag>
  <tag idhex="0xc71f" id="50975" IFD="Image" key="Exif.Image.RowInterleaveFactor" type="Long">
    <description>This tag specifies that rows of the image are stored in interleaved order. The value of the tag specifies the number of interleaved fields. The use of a non-default value for this tag requires setting the DNGBackwardVersion tag to at least 1.2.0.0.</description>
  </tag>
  <tag idhex="0xc725" id="50981" IFD="Image" key="Exif.Image.ProfileLookTableDims" type="Long">
    <description>This tag specifies the number of input samples in each dimension of a default "look" table. The data for this table is stored in the ProfileLookTableData tag.</description>
  </tag>
  <tag idhex="0xc726" id="50982" IFD="Image" key="Exif.Image.ProfileLookTableData" type="Float">
    <description>This tag contains a default "look" table that can be applied while processing the image as a starting point for user adjustment. This table uses the same format as the tables stored in the ProfileHueSatMapData1 and ProfileHueSatMapData2 tags, and is applied in the same color space. However, it should be applied later in the processing pipe, after any exposure compensation and/or fill light stages, but before any tone curve stage. Each entry of the table contains three 32-bit IEEE floating-point values. The first entry is hue shift in degrees, the second entry is a saturation scale factor, and the third entry is a value scale factor. The table entries are stored in the tag in nested loop order, with the value divisions in the outer loop, the hue divisions in the middle loop, and the saturation divisions in the inner loop. All zero input saturation entries are required to have a value scale factor of 1.0.</description>
  </tag>
  <tag idhex="0xc740" id="51008" IFD="Image" key="Exif.Image.OpcodeList1" type="Undefined">
    <description>Specifies the list of opcodes that should be applied to the raw image, as read directly from the file.</description>
  </tag>
  <tag idhex="0xc741" id="51009" IFD="Image" key="Exif.Image.OpcodeList2" type="Undefined">
    <description>Specifies the list of opcodes that should be applied to the raw image, just after it has been mapped to linear reference values.</description>
  </tag>
  <tag idhex="0xc74e" id="51022" IFD="Image" key="Exif.Image.OpcodeList3" type="Undefined">
    <description>Specifies the list of opcodes that should be applied to the raw image, just after it has been demosaiced.</description>
  </tag>
  <tag idhex="0xc761" id="51041" IFD="Image" key="Exif.Image.NoiseProfile" type="Double">
    <description>NoiseProfile describes the amount of noise in a raw image. Specifically, this tag models the amount of signal-dependent photon (shot) noise and signal-independent sensor readout noise, two common sources of noise in raw images. The model assumes that the noise is white and spatially independent, ignoring fixed pattern effects and other sources of noise (e.g., pixel response non-uniformity, spatially-dependent thermal effects, etc.).</description>
  </tag>
  <tag idhex="0x829a" id="33434" IFD="Photo" key="Exif.Photo.ExposureTime" type="Rational">
    <description>Exposure time, given in seconds (sec).</description>
  </tag>
  <tag idhex="0x829d" id="33437" IFD="Photo" key="Exif.Photo.FNumber" type="Rational">
    <description>The F number.</description>
  </tag>
  <tag idhex="0x8822" id="34850" IFD="Photo" key="Exif.Photo.ExposureProgram" type="Short">
    <description>The class of the program used by the camera to set exposure when the picture is taken.</description>
  </tag>
  <tag idhex="0x8824" id="34852" IFD="Photo" key="Exif.Photo.SpectralSensitivity" type="Ascii">
    <description>Indicates the spectral sensitivity of each channel of the camera used. The tag value is an ASCII string compatible with the standard developed by the ASTM Technical Committee.</description>
  </tag>
  <tag idhex="0x8827" id="34855" IFD="Photo" key="Exif.Photo.ISOSpeedRatings" type="Short">
    <description>Indicates the ISO Speed and ISO Latitude of the camera or input device as specified in ISO 12232.</description>
  </tag>
  <tag idhex="0x8828" id="34856" IFD="Photo" key="Exif.Photo.OECF" type="Undefined">
    <description>Indicates the Opto-Electoric Conversion Function (OECF) specified in ISO 14524. &lt;OECF&gt; is the relationship between the camera optical input and the image values.</description>
  </tag>
  <tag idhex="0x8830" id="34864" IFD="Photo" key="Exif.Photo.SensitivityType" type="Short">
    <description>The SensitivityType tag indicates which one of the parameters of ISO12232 is the PhotographicSensitivity tag. Although it is an optional tag, it should be recorded when a PhotographicSensitivity tag is recorded. Value = 4, 5, 6, or 7 may be used in case that the values of plural parameters are the same.</description>
  </tag>
  <tag idhex="0x8831" id="34865" IFD="Photo" key="Exif.Photo.StandardOutputSensitivity" type="Long">
    <description>This tag indicates the standard output sensitivity value of a camera or input device defined in ISO 12232. When recording this tag, the PhotographicSensitivity and SensitivityType tags shall also be recorded.</description>
  </tag>
  <tag idhex="0x8832" id="34866" IFD="Photo" key="Exif.Photo.RecommendedExposureIndex" type="Long">
    <description>This tag indicates the recommended exposure index value of a camera or input device defined in ISO 12232. When recording this tag, the PhotographicSensitivity and SensitivityType tags shall also be recorded.</description>
  </tag>
  <tag idhex="0x8833" id="34867" IFD="Photo" key="Exif.Photo.ISOSpeed" type="Long">
    <description>This tag indicates the ISO speed value of a camera or input device that is defined in ISO 12232. When recording this tag, the PhotographicSensitivity and SensitivityType tags shall also be recorded.</description>
  </tag>
  <tag idhex="0x8834" id="34868" IFD="Photo" key="Exif.Photo.ISOSpeedLatitudeyyy" type="Long">
    <description>This tag indicates the ISO speed latitude yyy value of a camera or input device that is defined in ISO 12232. However, this tag shall not be recorded without ISOSpeed and ISOSpeedLatitudezzz.</description>
  </tag>
  <tag idhex="0x8835" id="34869" IFD="Photo" key="Exif.Photo.ISOSpeedLatitudezzz" type="Long">
    <description>This tag indicates the ISO speed latitude zzz value of a camera or input device that is defined in ISO 12232. However, this tag shall not be recorded without ISOSpeed and ISOSpeedLatitudeyyy.</description>
  </tag>
  <tag idhex="0x9000" id="36864" IFD="Photo" key="Exif.Photo.ExifVersion" type="Undefined">
    <description>The version of this standard supported. Nonexistence of this field is taken to mean nonconformance to the standard.</description>
  </tag>
  <tag idhex="0x9003" id="36867" IFD="Photo" key="Exif.Photo.DateTimeOriginal" type="Ascii">
    <description>The date and time when the original image data was generated. For a digital still camera the date and time the picture was taken are recorded.</description>
  </tag>
  <tag idhex="0x9004" id="36868" IFD="Photo" key="Exif.Photo.DateTimeDigitized" type="Ascii">
    <description>The date and time when the image was stored as digital data.</description>
  </tag>
  <tag idhex="0x9101" id="37121" IFD="Photo" key="Exif.Photo.ComponentsConfiguration" type="Undefined">
    <description>Information specific to compressed data. The channels of each component are arranged in order from the 1st component to the 4th. For uncompressed data the data arrangement is given in the &lt;PhotometricInterpretation&gt; tag. However, since &lt;PhotometricInterpretation&gt; can only express the order of Y, Cb and Cr, this tag is provided for cases when compressed data uses components other than Y, Cb, and Cr and to enable support of other sequences.</description>
  </tag>
  <tag idhex="0x9102" id="37122" IFD="Photo" key="Exif.Photo.CompressedBitsPerPixel" type="Rational">
    <description>Information specific to compressed data. The compression mode used for a compressed image is indicated in unit bits per pixel.</description>
  </tag>
  <tag idhex="0x9201" id="37377" IFD="Photo" key="Exif.Photo.ShutterSpeedValue" type="SRational">
    <description>Shutter speed. The unit is the APEX (Additive System of Photographic Exposure) setting.</description>
  </tag>
  <tag idhex="0x9202" id="37378" IFD="Photo" key="Exif.Photo.ApertureValue" type="Rational">
    <description>The lens aperture. The unit is the APEX value.</description>
  </tag>
  <tag idhex="0x9203" id="37379" IFD="Photo" key="Exif.Photo.BrightnessValue" type="SRational">
    <description>The value of brightness. The unit is the APEX value. Ordinarily it is given in the range of -99.99 to 99.99.</description>
  </tag>
  <tag idhex="0x9204" id="37380" IFD="Photo" key="Exif.Photo.ExposureBiasValue" type="SRational">
    <description>The exposure bias. The units is the APEX value. Ordinarily it is given in the range of -99.99 to 99.99.</description>
  </tag>
  <tag idhex="0x9205" id="37381" IFD="Photo" key="Exif.Photo.MaxApertureValue" type="Rational">
    <description>The smallest F number of the lens. The unit is the APEX value. Ordinarily it is given in the range of 00.00 to 99.99, but it is not limited to this range.</description>
  </tag>
  <tag idhex="0x9206" id="37382" IFD="Photo" key="Exif.Photo.SubjectDistance" type="Rational">
    <description>The distance to the subject, given in meters.</description>
  </tag>
  <tag idhex="0x9207" id="37383" IFD="Photo" key="Exif.Photo.MeteringMode" type="Short">
    <description>The metering mode.</description>
  </tag>
  <tag idhex="0x9208" id="37384" IFD="Photo" key="Exif.Photo.LightSource" type="Short">
    <description>The kind of light source.</description>
  </tag>
  <tag idhex="0x9209" id="37385" IFD="Photo" key="Exif.Photo.Flash" type="Short">
    <description>This tag is recorded when an image is taken using a strobe light (flash).</description>
  </tag>
  <tag idhex="0x920a" id="37386" IFD="Photo" key="Exif.Photo.FocalLength" type="Rational">
    <description>The actual focal length of the lens, in mm. Conversion is not made to the focal length of a 35 mm film camera.</description>
  </tag>
  <tag idhex="0x9214" id="37396" IFD="Photo" key="Exif.Photo.SubjectArea" type="Short">
    <description>This tag indicates the location and area of the main subject in the overall scene.</description>
  </tag>
  <tag idhex="0x927c" id="37500" IFD="Photo" key="Exif.Photo.MakerNote" type="Undefined">
    <description>A tag for manufacturers of Exif writers to record any desired information. The contents are up to the manufacturer.</description>
  </tag>
  <tag idhex="0x9286" id="37510" IFD="Photo" key="Exif.Photo.UserComment" type="Comment">
    <description>A tag for Exif users to write keywords or comments on the image besides those in &lt;ImageDescription&gt;, and without the character code limitations of the &lt;ImageDescription&gt; tag.</description>
  </tag>
  <tag idhex="0x9290" id="37520" IFD="Photo" key="Exif.Photo.SubSecTime" type="Ascii">
    <description>A tag used to record fractions of seconds for the &lt;DateTime&gt; tag.</description>
  </tag>
  <tag idhex="0x9291" id="37521" IFD="Photo" key="Exif.Photo.SubSecTimeOriginal" type="Ascii">
    <description>A tag used to record fractions of seconds for the &lt;DateTimeOriginal&gt; tag.</description>
  </tag>
  <tag idhex="0x9292" id="37522" IFD="Photo" key="Exif.Photo.SubSecTimeDigitized" type="Ascii">
    <description>A tag used to record fractions of seconds for the &lt;DateTimeDigitized&gt; tag.</description>
  </tag>
  <tag idhex="0xa000" id="40960" IFD="Photo" key="Exif.Photo.FlashpixVersion" type="Undefined">
    <description>The FlashPix format version supported by a FPXR file.</description>
  </tag>
  <tag idhex="0xa001" id="40961" IFD="Photo" key="Exif.Photo.ColorSpace" type="Short">
    <description>The color space information tag is always recorded as the color space specifier. Normally sRGB is used to define the color space based on the PC monitor conditions and environment. If a color space other than sRGB is used, Uncalibrated is set. Image data recorded as Uncalibrated can be treated as sRGB when it is converted to FlashPix.</description>
  </tag>
  <tag idhex="0xa002" id="40962" IFD="Photo" key="Exif.Photo.PixelXDimension" type="Long">
    <description>Information specific to compressed data. When a compressed file is recorded, the valid width of the meaningful image must be recorded in this tag, whether or not there is padding data or a restart marker. This tag should not exist in an uncompressed file.</description>
  </tag>
  <tag idhex="0xa003" id="40963" IFD="Photo" key="Exif.Photo.PixelYDimension" type="Long">
    <description>Information specific to compressed data. When a compressed file is recorded, the valid height of the meaningful image must be recorded in this tag, whether or not there is padding data or a restart marker. This tag should not exist in an uncompressed file. Since data padding is unnecessary in the vertical direction, the number of lines recorded in this valid image height tag will in fact be the same as that recorded in the SOF.</description>
  </tag>
  <tag idhex="0xa004" id="40964" IFD="Photo" key="Exif.Photo.RelatedSoundFile" type="Ascii">
    <description>This tag is used to record the name of an audio file related to the image data. The only relational information recorded here is the Exif audio file name and extension (an ASCII string consisting of 8 characters + '.' + 3 characters). The path is not recorded.</description>
  </tag>
  <tag idhex="0xa005" id="40965" IFD="Photo" key="Exif.Photo.InteroperabilityTag" type="Long">
    <description>Interoperability IFD is composed of tags which stores the information to ensure the Interoperability and pointed by the following tag located in Exif IFD. The Interoperability structure of Interoperability IFD is the same as TIFF defined IFD structure but does not contain the image data characteristically compared with normal TIFF IFD.</description>
  </tag>
  <tag idhex="0xa20b" id="41483" IFD="Photo" key="Exif.Photo.FlashEnergy" type="Rational">
    <description>Indicates the strobe energy at the time the image is captured, as measured in Beam Candle Power Seconds (BCPS).</description>
  </tag>
  <tag idhex="0xa20c" id="41484" IFD="Photo" key="Exif.Photo.SpatialFrequencyResponse" type="Undefined">
    <description>This tag records the camera or input device spatial frequency table and SFR values in the direction of image width, image height, and diagonal direction, as specified in ISO 12233.</description>
  </tag>
  <tag idhex="0xa20e" id="41486" IFD="Photo" key="Exif.Photo.FocalPlaneXResolution" type="Rational">
    <description>Indicates the number of pixels in the image width (X) direction per &lt;FocalPlaneResolutionUnit&gt; on the camera focal plane.</description>
  </tag>
  <tag idhex="0xa20f" id="41487" IFD="Photo" key="Exif.Photo.FocalPlaneYResolution" type="Rational">
    <description>Indicates the number of pixels in the image height (V) direction per &lt;FocalPlaneResolutionUnit&gt; on the camera focal plane.</description>
  </tag>
  <tag idhex="0xa210" id="41488" IFD="Photo" key="Exif.Photo.FocalPlaneResolutionUnit" type="Short">
    <description>Indicates the unit for measuring &lt;FocalPlaneXResolution&gt; and &lt;FocalPlaneYResolution&gt;. This value is the same as the &lt;ResolutionUnit&gt;.</description>
  </tag>
  <tag idhex="0xa214" id="41492" IFD="Photo" key="Exif.Photo.SubjectLocation" type="Short">
    <description>Indicates the location of the main subject in the scene. The value of this tag represents the pixel at the center of the main subject relative to the left edge, prior to rotation processing as per the &lt;Rotation&gt; tag. The first value indicates the X column number and second indicates the Y row number.</description>
  </tag>
  <tag idhex="0xa215" id="41493" IFD="Photo" key="Exif.Photo.ExposureIndex" type="Rational">
    <description>Indicates the exposure index selected on the camera or input device at the time the image is captured.</description>
  </tag>
  <tag idhex="0xa217" id="41495" IFD="Photo" key="Exif.Photo.SensingMethod" type="Short">
    <description>Indicates the image sensor type on the camera or input device.</description>
  </tag>
  <tag idhex="0xa300" id="41728" IFD="Photo" key="Exif.Photo.FileSource" type="Undefined">
    <description>Indicates the image source. If a DSC recorded the image, this tag value of this tag always be set to 3, indicating that the image was recorded on a DSC.</description>
  </tag>
  <tag idhex="0xa301" id="41729" IFD="Photo" key="Exif.Photo.SceneType" type="Undefined">
    <description>Indicates the type of scene. If a DSC recorded the image, this tag value must always be set to 1, indicating that the image was directly photographed.</description>
  </tag>
  <tag idhex="0xa302" id="41730" IFD="Photo" key="Exif.Photo.CFAPattern" type="Undefined">
    <description>Indicates the color filter array (CFA) geometric pattern of the image sensor when a one-chip color area sensor is used. It does not apply to all sensing methods.</description>
  </tag>
  <tag idhex="0xa401" id="41985" IFD="Photo" key="Exif.Photo.CustomRendered" type="Short">
    <description>This tag indicates the use of special processing on image data, such as rendering geared to output. When special processing is performed, the reader is expected to disable or minimize any further processing.</description>
  </tag>
  <tag idhex="0xa402" id="41986" IFD="Photo" key="Exif.Photo.ExposureMode" type="Short">
    <description>This tag indicates the exposure mode set when the image was shot. In auto-bracketing mode, the camera shoots a series of frames of the same scene at different exposure settings.</description>
  </tag>
  <tag idhex="0xa403" id="41987" IFD="Photo" key="Exif.Photo.WhiteBalance" type="Short">
    <description>This tag indicates the white balance mode set when the image was shot.</description>
  </tag>
  <tag idhex="0xa404" id="41988" IFD="Photo" key="Exif.Photo.DigitalZoomRatio" type="Rational">
    <description>This tag indicates the digital zoom ratio when the image was shot. If the numerator of the recorded value is 0, this indicates that digital zoom was not used.</description>
  </tag>
  <tag idhex="0xa405" id="41989" IFD="Photo" key="Exif.Photo.FocalLengthIn35mmFilm" type="Short">
    <description>This tag indicates the equivalent focal length assuming a 35mm film camera, in mm. A value of 0 means the focal length is unknown. Note that this tag differs from the &lt;FocalLength&gt; tag.</description>
  </tag>
  <tag idhex="0xa406" id="41990" IFD="Photo" key="Exif.Photo.SceneCaptureType" type="Short">
    <description>This tag indicates the type of scene that was shot. It can also be used to record the mode in which the image was shot. Note that this differs from the &lt;SceneType&gt; tag.</description>
  </tag>
  <tag idhex="0xa407" id="41991" IFD="Photo" key="Exif.Photo.GainControl" type="Short">
    <description>This tag indicates the degree of overall image gain adjustment.</description>
  </tag>
  <tag idhex="0xa408" id="41992" IFD="Photo" key="Exif.Photo.Contrast" type="Short">
    <description>This tag indicates the direction of contrast processing applied by the camera when the image was shot.</description>
  </tag>
  <tag idhex="0xa409" id="41993" IFD="Photo" key="Exif.Photo.Saturation" type="Short">
    <description>This tag indicates the direction of saturation processing applied by the camera when the image was shot.</description>
  </tag>
  <tag idhex="0xa40a" id="41994" IFD="Photo" key="Exif.Photo.Sharpness" type="Short">
    <description>This tag indicates the direction of sharpness processing applied by the camera when the image was shot.</description>
  </tag>
  <tag idhex="0xa40b" id="41995" IFD="Photo" key="Exif.Photo.DeviceSettingDescription" type="Undefined">
    <description>This tag indicates information on the picture-taking conditions of a particular camera model. The tag is used only to indicate the picture-taking conditions in the reader.</description>
  </tag>
  <tag idhex="0xa40c" id="41996" IFD="Photo" key="Exif.Photo.SubjectDistanceRange" type="Short">
    <description>This tag indicates the distance to the subject.</description>
  </tag>
  <tag idhex="0xa420" id="42016" IFD="Photo" key="Exif.Photo.ImageUniqueID" type="Ascii">
    <description>This tag indicates an identifier assigned uniquely to each image. It is recorded as an ASCII string equivalent to hexadecimal notation and 128-bit fixed length.</description>
  </tag>
  <tag idhex="0xa430" id="42032" IFD="Photo" key="Exif.Photo.CameraOwnerName" type="Ascii">
    <description>This tag records the owner of a camera used in photography as an ASCII string.</description>
  </tag>
  <tag idhex="0xa431" id="42033" IFD="Photo" key="Exif.Photo.BodySerialNumber" type="Ascii">
    <description>This tag records the serial number of the body of the camera that was used in photography as an ASCII string.</description>
  </tag>
  <tag idhex="0xa432" id="42034" IFD="Photo" key="Exif.Photo.LensSpecification" type="Rational">
    <description>This tag notes minimum focal length, maximum focal length, minimum F number in the minimum focal length, and minimum F number in the maximum focal length, which are specification information for the lens that was used in photography. When the minimum F number is unknown, the notation is 0/0</description>
  </tag>
  <tag idhex="0xa433" id="42035" IFD="Photo" key="Exif.Photo.LensMake" type="Ascii">
    <description>This tag records the lens manufactor as an ASCII string.</description>
  </tag>
  <tag idhex="0xa434" id="42036" IFD="Photo" key="Exif.Photo.LensModel" type="Ascii">
    <description>This tag records the lens's model name and model number as an ASCII string.</description>
  </tag>
  <tag idhex="0xa435" id="42037" IFD="Photo" key="Exif.Photo.LensSerialNumber" type="Ascii">
    <description>This tag records the serial number of the interchangeable lens that was used in photography as an ASCII string.</description>
  </tag>
  <tag idhex="0x0001" id="1" IFD="Iop" key="Exif.Iop.InteroperabilityIndex" type="Ascii">
    <description>Indicates the identification of the Interoperability rule. Use "R98" for stating ExifR98 Rules. Four bytes used including the termination code (NULL). see the separate volume of Recommended Exif Interoperability Rules (ExifR98) for other tags used for ExifR98.</description>
  </tag>
  <tag idhex="0x0002" id="2" IFD="Iop" key="Exif.Iop.InteroperabilityVersion" type="Undefined">
    <description>Interoperability version</description>
  </tag>
  <tag idhex="0x1000" id="4096" IFD="Iop" key="Exif.Iop.RelatedImageFileFormat" type="Ascii">
    <description>File format of image file</description>
  </tag>
  <tag idhex="0x1001" id="4097" IFD="Iop" key="Exif.Iop.RelatedImageWidth" type="Long">
    <description>Image width</description>
  </tag>
  <tag idhex="0x1002" id="4098" IFD="Iop" key="Exif.Iop.RelatedImageLength" type="Long">
    <description>Image height</description>
  </tag>
  <tag idhex="0x0000" id="0" IFD="GPSInfo" key="Exif.GPSInfo.GPSVersionID" type="Byte">
    <description>Indicates the version of &lt;GPSInfoIFD&gt;. The version is given as 2.0.0.0. This tag is mandatory when &lt;GPSInfo&gt; tag is present. (Note: The &lt;GPSVersionID&gt; tag is given in bytes, unlike the &lt;ExifVersion&gt; tag. When the version is 2.0.0.0, the tag value is 02000000.H).</description>
  </tag>
  <tag idhex="0x0001" id="1" IFD="GPSInfo" key="Exif.GPSInfo.GPSLatitudeRef" type="Ascii">
    <description>Indicates whether the latitude is north or south latitude. The ASCII value 'N' indicates north latitude, and 'S' is south latitude.</description>
  </tag>
  <tag idhex="0x0002" id="2" IFD="GPSInfo" key="Exif.GPSInfo.GPSLatitude" type="Rational">
    <description>Indicates the latitude. The latitude is expressed as three RATIONAL values giving the degrees, minutes, and seconds, respectively. When degrees, minutes and seconds are expressed, the format is dd/1,mm/1,ss/1. When degrees and minutes are used and, for example, fractions of minutes are given up to two decimal places, the format is dd/1,mmmm/100,0/1.</description>
  </tag>
  <tag idhex="0x0003" id="3" IFD="GPSInfo" key="Exif.GPSInfo.GPSLongitudeRef" type="Ascii">
    <description>Indicates whether the longitude is east or west longitude. ASCII 'E' indicates east longitude, and 'W' is west longitude.</description>
  </tag>
  <tag idhex="0x0004" id="4" IFD="GPSInfo" key="Exif.GPSInfo.GPSLongitude" type="Rational">
    <description>Indicates the longitude. The longitude is expressed as three RATIONAL values giving the degrees, minutes, and seconds, respectively. When degrees, minutes and seconds are expressed, the format is ddd/1,mm/1,ss/1. When degrees and minutes are used and, for example, fractions of minutes are given up to two decimal places, the format is ddd/1,mmmm/100,0/1.</description>
  </tag>
  <tag idhex="0x0005" id="5" IFD="GPSInfo" key="Exif.GPSInfo.GPSAltitudeRef" type="Byte">
    <description>Indicates the altitude used as the reference altitude. If the reference is sea level and the altitude is above sea level, 0 is given. If the altitude is below sea level, a value of 1 is given and the altitude is indicated as an absolute value in the GSPAltitude tag. The reference unit is meters. Note that this tag is BYTE type, unlike other reference tags.</description>
  </tag>
  <tag idhex="0x0006" id="6" IFD="GPSInfo" key="Exif.GPSInfo.GPSAltitude" type="Rational">
    <description>Indicates the altitude based on the reference in GPSAltitudeRef. Altitude is expressed as one RATIONAL value. The reference unit is meters.</description>
  </tag>
  <tag idhex="0x0007" id="7" IFD="GPSInfo" key="Exif.GPSInfo.GPSTimeStamp" type="Rational">
    <description>Indicates the time as UTC (Coordinated Universal Time). &lt;TimeStamp&gt; is expressed as three RATIONAL values giving the hour, minute, and second (atomic clock).</description>
  </tag>
  <tag idhex="0x0008" id="8" IFD="GPSInfo" key="Exif.GPSInfo.GPSSatellites" type="Ascii">
    <description>Indicates the GPS satellites used for measurements. This tag can be used to describe the number of satellites, their ID number, angle of elevation, azimuth, SNR and other information in ASCII notation. The format is not specified. If the GPS receiver is incapable of taking measurements, value of the tag is set to NULL.</description>
  </tag>
  <tag idhex="0x0009" id="9" IFD="GPSInfo" key="Exif.GPSInfo.GPSStatus" type="Ascii">
    <description>Indicates the status of the GPS receiver when the image is recorded. "A" means measurement is in progress, and "V" means the measurement is Interoperability.</description>
  </tag>
  <tag idhex="0x000a" id="10" IFD="GPSInfo" key="Exif.GPSInfo.GPSMeasureMode" type="Ascii">
    <description>Indicates the GPS measurement mode. "2" means two-dimensional measurement and "3" means three-dimensional measurement is in progress.</description>
  </tag>
  <tag idhex="0x000b" id="11" IFD="GPSInfo" key="Exif.GPSInfo.GPSDOP" type="Rational">
    <description>Indicates the GPS DOP (data degree of precision). An HDOP value is written during two-dimensional measurement, and PDOP during three-dimensional measurement.</description>
  </tag>
  <tag idhex="0x000c" id="12" IFD="GPSInfo" key="Exif.GPSInfo.GPSSpeedRef" type="Ascii">
    <description>Indicates the unit used to express the GPS receiver speed of movement. "K" "M" and "N" represents kilometers per hour, miles per hour, and knots.</description>
  </tag>
  <tag idhex="0x000d" id="13" IFD="GPSInfo" key="Exif.GPSInfo.GPSSpeed" type="Rational">
    <description>Indicates the speed of GPS receiver movement.</description>
  </tag>
  <tag idhex="0x000e" id="14" IFD="GPSInfo" key="Exif.GPSInfo.GPSTrackRef" type="Ascii">
    <description>Indicates the reference for giving the direction of GPS receiver movement. "T" denotes true direction and "M" is magnetic direction.</description>
  </tag>
  <tag idhex="0x000f" id="15" IFD="GPSInfo" key="Exif.GPSInfo.GPSTrack" type="Rational">
    <description>Indicates the direction of GPS receiver movement. The range of values is from 0.00 to 359.99.</description>
  </tag>
  <tag idhex="0x0010" id="16" IFD="GPSInfo" key="Exif.GPSInfo.GPSImgDirectionRef" type="Ascii">
    <description>Indicates the reference for giving the direction of the image when it is captured. "T" denotes true direction and "M" is magnetic direction.</description>
  </tag>
  <tag idhex="0x0011" id="17" IFD="GPSInfo" key="Exif.GPSInfo.GPSImgDirection" type="Rational">
    <description>Indicates the direction of the image when it was captured. The range of values is from 0.00 to 359.99.</description>
  </tag>
  <tag idhex="0x0012" id="18" IFD="GPSInfo" key="Exif.GPSInfo.GPSMapDatum" type="Ascii">
    <description>Indicates the geodetic survey data used by the GPS receiver. If the survey data is restricted to Japan, the value of this tag is "TOKYO" or "WGS-84".</description>
  </tag>
  <tag idhex="0x0013" id="19" IFD="GPSInfo" key="Exif.GPSInfo.GPSDestLatitudeRef" type="Ascii">
    <description>Indicates whether the latitude of the destination point is north or south latitude. The ASCII value "N" indicates north latitude, and "S" is south latitude.</description>
  </tag>
  <tag idhex="0x0014" id="20" IFD="GPSInfo" key="Exif.GPSInfo.GPSDestLatitude" type="Rational">
    <description>Indicates the latitude of the destination point. The latitude is expressed as three RATIONAL values giving the degrees, minutes, and seconds, respectively. If latitude is expressed as degrees, minutes and seconds, a typical format would be dd/1,mm/1,ss/1. When degrees and minutes are used and, for example, fractions of minutes are given up to two decimal places, the format would be dd/1,mmmm/100,0/1.</description>
  </tag>
  <tag idhex="0x0015" id="21" IFD="GPSInfo" key="Exif.GPSInfo.GPSDestLongitudeRef" type="Ascii">
    <description>Indicates whether the longitude of the destination point is east or west longitude. ASCII "E" indicates east longitude, and "W" is west longitude.</description>
  </tag>
  <tag idhex="0x0016" id="22" IFD="GPSInfo" key="Exif.GPSInfo.GPSDestLongitude" type="Rational">
    <description>Indicates the longitude of the destination point. The longitude is expressed as three RATIONAL values giving the degrees, minutes, and seconds, respectively. If longitude is expressed as degrees, minutes and seconds, a typical format would be ddd/1,mm/1,ss/1. When degrees and minutes are used and, for example, fractions of minutes are given up to two decimal places, the format would be ddd/1,mmmm/100,0/1.</description>
  </tag>
  <tag idhex="0x0017" id="23" IFD="GPSInfo" key="Exif.GPSInfo.GPSDestBearingRef" type="Ascii">
    <description>Indicates the reference used for giving the bearing to the destination point. "T" denotes true direction and "M" is magnetic direction.</description>
  </tag>
  <tag idhex="0x0018" id="24" IFD="GPSInfo" key="Exif.GPSInfo.GPSDestBearing" type="Rational">
    <description>Indicates the bearing to the destination point. The range of values is from 0.00 to 359.99.</description>
  </tag>
  <tag idhex="0x0019" id="25" IFD="GPSInfo" key="Exif.GPSInfo.GPSDestDistanceRef" type="Ascii">
    <description>Indicates the unit used to express the distance to the destination point. "K", "M" and "N" represent kilometers, miles and knots.</description>
  </tag>
  <tag idhex="0x001a" id="26" IFD="GPSInfo" key="Exif.GPSInfo.GPSDestDistance" type="Rational">
    <description>Indicates the distance to the destination point.</description>
  </tag>
  <tag idhex="0x001b" id="27" IFD="GPSInfo" key="Exif.GPSInfo.GPSProcessingMethod" type="Undefined">
    <description>A character string recording the name of the method used for location finding. The first byte indicates the character code used, and this is followed by the name of the method.</description>
  </tag>
  <tag idhex="0x001c" id="28" IFD="GPSInfo" key="Exif.GPSInfo.GPSAreaInformation" type="Undefined">
    <description>A character string recording the name of the GPS area. The first byte indicates the character code used, and this is followed by the name of the GPS area.</description>
  </tag>
  <tag idhex="0x001d" id="29" IFD="GPSInfo" key="Exif.GPSInfo.GPSDateStamp" type="Ascii">
    <description>A character string recording date and time information relative to UTC (Coordinated Universal Time). The format is "YYYY:MM:DD.".</description>
  </tag>
  <tag idhex="0x001e" id="30" IFD="GPSInfo" key="Exif.GPSInfo.GPSDifferential" type="Short">
    <description>Indicates whether differential correction is applied to the GPS receiver.</description>
  </tag>
</exifTags>